Reading in concentrations from concentrations.csv
Reading in species from species.csv
Simulations will be run at the following conditions...
  C5H8(522):   0.005000  O2(6):   0.000350  N2:   0.994650
  C5H8(522):   0.005000  O2(6):   0.002917  N2:   0.992083
  C5H8(522):   0.005000  O2(6):   0.005833  N2:   0.989167
  C5H8(522):   0.005000  O2(6):   0.011667  N2:   0.983333
  C5H8(522):   0.005000  O2(6):   0.017500  N2:   0.977500
  C5H8(522):   0.005000  O2(6):   0.020000  N2:   0.975000
  C5H8(522):   0.005000  O2(6):   0.023333  N2:   0.971667
  C5H8(522):   0.005000  O2(6):   0.028000  N2:   0.967000
  C5H8(522):   0.005000  O2(6):   0.031818  N2:   0.963182
  C5H8(522):   0.005000  O2(6):   0.035000  N2:   0.960000
  C5H8(522):   0.005000  O2(6):   0.038889  N2:   0.956111
  C5H8(522):   0.005000  O2(6):   0.046667  N2:   0.948333
  C5H8(522):   0.005000  O2(6):   0.053846  N2:   0.941154
  C5H8(522):   0.005000  O2(6):   0.058333  N2:   0.936667
  C5H8(522):   0.005000  O2(6):   0.063636  N2:   0.931364
  C5H8(522):   0.005000  O2(6):   0.070000  N2:   0.925000
  C5H8(522):   0.005000  O2(6):   0.077778  N2:   0.917222
  C5H8(522):   0.005000  O2(6):   0.087500  N2:   0.907500
  C5H8(522):   0.005000  O2(6):   0.100000  N2:   0.895000
  C5H8(522):   0.005000  O2(6):   0.112903  N2:   0.882097
  C5H8(522):   0.005000  O2(6):   0.125000  N2:   0.870000
  C5H8(522):   0.005000  O2(6):   0.140000  N2:   0.855000
  C5H8(522):   0.005000  O2(6):   0.152174  N2:   0.842826
  C5H8(522):   0.005000  O2(6):   0.175000  N2:   0.820000
  C5H8(522):   0.005000  O2(6):   0.184211  N2:   0.810789
  C5H8(522):   0.005000  O2(6):   0.205882  N2:   0.789118
  C5H8(522):   0.005000  O2(6):   0.233333  N2:   0.761667
  C5H8(522):   0.005000  O2(6):   0.269231  N2:   0.725769
  C5H8(522):   0.005000  O2(6):   0.318182  N2:   0.676818
  C5H8(522):   0.005000  O2(6):   0.350000  N2:   0.645000
Data will be collected for the following species...
  CO: CO(12)
  CO2: CO2(13)
  CH4: CH4(33)
  H2: H2(2)
  oxygen: O2(6)
  ethene: C2H4(52)
  formaldehyde: CH2O(19)
  propene: C3H6(131)
  water: H2O(5)
  propadiene (allene): C3H4(114)
  acetaldehyde: CH3CHO(41)
  1,3-butadiene: C4H6(227)
  1-butene: C4H8(253)
  acrolein: C3H4O(165)
  propanal: C3H6O(126)
  furan: S(1600)
  cyclopentadiene: C5H6(478)
  cyclopentene: C5H8(522)
  cyclopentane: CPT(563)
  crotonaldehyde (trans): C4H6O(357)
  crotonaldehyde (cis): C4H6O(357)
  benzene: C6H6(970)
  1,2-epoxycyclopentane: C5H8O(825)
  toluene: C7H8(1006)
  cyclopentanone: CPN(801)
  cyclopent-2-enone: CPND2(626)
  3-methylfuran: S(1657)
  oxirane: C2H4O(37)
  h radical: H(1)
  hydroxy: OH(4)
  hydroperoxy: HO2(8)
  peroxide: H2O2(10)

Converting ChemKin mechanism to Cantera YAML...
Wrote YAML mechanism file to 'chem.yaml'.
Mechanism contains 2553 species and 10270 reactions.

Defining model and conditions...

Running simulations...
Starting simulation for {'C5H8(522)': 0.005, 'O2(6)': 0.00035, 'N2': 0.99465}
Starting simulation for {'C5H8(522)': 0.005, 'O2(6)': 0.002916667, 'N2': 0.992083333}
Starting simulation for {'C5H8(522)': 0.005, 'O2(6)': 0.005833333, 'N2': 0.989166667}
