Reading in concentrations from concentrations.csv
Reading in species from species.csv
Simulations will be run at the following conditions...
  C5H8(522):   0.005000  O2(6):   0.000350  N2:   0.994650
  C5H8(522):   0.005000  O2(6):   0.002917  N2:   0.992083
  C5H8(522):   0.005000  O2(6):   0.005833  N2:   0.989167
  C5H8(522):   0.005000  O2(6):   0.011667  N2:   0.983333
  C5H8(522):   0.005000  O2(6):   0.017500  N2:   0.977500
  C5H8(522):   0.005000  O2(6):   0.020000  N2:   0.975000
  C5H8(522):   0.005000  O2(6):   0.023333  N2:   0.971667
  C5H8(522):   0.005000  O2(6):   0.028000  N2:   0.967000
  C5H8(522):   0.005000  O2(6):   0.031818  N2:   0.963182
  C5H8(522):   0.005000  O2(6):   0.035000  N2:   0.960000
  C5H8(522):   0.005000  O2(6):   0.038889  N2:   0.956111
  C5H8(522):   0.005000  O2(6):   0.046667  N2:   0.948333
  C5H8(522):   0.005000  O2(6):   0.053846  N2:   0.941154
  C5H8(522):   0.005000  O2(6):   0.058333  N2:   0.936667
  C5H8(522):   0.005000  O2(6):   0.063636  N2:   0.931364
  C5H8(522):   0.005000  O2(6):   0.070000  N2:   0.925000
  C5H8(522):   0.005000  O2(6):   0.077778  N2:   0.917222
  C5H8(522):   0.005000  O2(6):   0.087500  N2:   0.907500
  C5H8(522):   0.005000  O2(6):   0.100000  N2:   0.895000
  C5H8(522):   0.005000  O2(6):   0.112903  N2:   0.882097
  C5H8(522):   0.005000  O2(6):   0.125000  N2:   0.870000
  C5H8(522):   0.005000  O2(6):   0.140000  N2:   0.855000
  C5H8(522):   0.005000  O2(6):   0.152174  N2:   0.842826
  C5H8(522):   0.005000  O2(6):   0.175000  N2:   0.820000
  C5H8(522):   0.005000  O2(6):   0.184211  N2:   0.810789
  C5H8(522):   0.005000  O2(6):   0.205882  N2:   0.789118
  C5H8(522):   0.005000  O2(6):   0.233333  N2:   0.761667
  C5H8(522):   0.005000  O2(6):   0.269231  N2:   0.725769
  C5H8(522):   0.005000  O2(6):   0.318182  N2:   0.676818
  C5H8(522):   0.005000  O2(6):   0.350000  N2:   0.645000
Data will be collected for the following species...
  CO: CO(12)
  CO2: CO2(13)
  CH4: CH4(33)
  H2: H2(2)
  oxygen: O2(6)
  ethene: C2H4(52)
  formaldehyde: CH2O(19)
  propene: C3H6(131)
  water: H2O(5)
  propadiene (allene): C3H4(114)
  acetaldehyde: CH3CHO(41)
  1,3-butadiene: C4H6(227)
  1-butene: C4H8(253)
  acrolein: C3H4O(165)
  propanal: C3H6O(126)
  furan: S(1600)
  cyclopentadiene: C5H6(478)
  cyclopentene: C5H8(522)
  cyclopentane: CPT(563)
  crotonaldehyde (trans): C4H6O(357)
  crotonaldehyde (cis): C4H6O(357)
  benzene: C6H6(970)
  1,2-epoxycyclopentane: C5H8O(825)rs
  toluene: C7H8(1006)
  cyclopentanone: CPN(801)
  cyclopent-2-enone: CPND2(626)
  3-methylfuran: S(1657)
  oxirane: C2H4O(37)
  h radical: H(1)
  hydroxy: OH(4)
  hydroperoxy: HO2(8)
  peroxide: H2O2(10)

Converting ChemKin mechanism to Cantera YAML...
Wrote YAML mechanism file to 'chem.yaml'.
Mechanism contains 2553 species and 10270 reactions.

Defining model and conditions...

Running simulations...
Starting simulation for {'C5H8(522)': 0.005, 'O2(6)': 0.00035, 'N2': 0.99465}
Starting simulation for {'C5H8(522)': 0.005, 'O2(6)': 0.002916667, 'N2': 0.992083333}
Starting simulation for {'C5H8(522)': 0.005, 'O2(6)': 0.005833333, 'N2': 0.989166667}
Starting simulation for {'C5H8(522)': 0.005, 'O2(6)': 0.011666667, 'N2': 0.983333333}
Starting simulation for {'C5H8(522)': 0.005, 'O2(6)': 0.0175, 'N2': 0.9775}
Starting simulation for {'C5H8(522)': 0.005, 'O2(6)': 0.02, 'N2': 0.975}
Starting simulation for {'C5H8(522)': 0.005, 'O2(6)': 0.023333333, 'N2': 0.971666667}
Starting simulation for {'C5H8(522)': 0.005, 'O2(6)': 0.028, 'N2': 0.967}
Starting simulation for {'C5H8(522)': 0.005, 'O2(6)': 0.031818182, 'N2': 0.963181818}
Starting simulation for {'C5H8(522)': 0.005, 'O2(6)': 0.035, 'N2': 0.96}
Starting simulation for {'C5H8(522)': 0.005, 'O2(6)': 0.038888889, 'N2': 0.956111111}
Starting simulation for {'C5H8(522)': 0.005, 'O2(6)': 0.046666667, 'N2': 0.948333333}
Starting simulation for {'C5H8(522)': 0.005, 'O2(6)': 0.053846154, 'N2': 0.941153846}
Starting simulation for {'C5H8(522)': 0.005, 'O2(6)': 0.058333333, 'N2': 0.936666667}
Starting simulation for {'C5H8(522)': 0.005, 'O2(6)': 0.063636364, 'N2': 0.931363636}
Starting simulation for {'C5H8(522)': 0.005, 'O2(6)': 0.07, 'N2': 0.925}
Starting simulation for {'C5H8(522)': 0.005, 'O2(6)': 0.077777778, 'N2': 0.917222222}
Starting simulation for {'C5H8(522)': 0.005, 'O2(6)': 0.0875, 'N2': 0.9075}
Starting simulation for {'C5H8(522)': 0.005, 'O2(6)': 0.1, 'N2': 0.895}
Starting simulation for {'C5H8(522)': 0.005, 'O2(6)': 0.112903226, 'N2': 0.882096774}
Starting simulation for {'C5H8(522)': 0.005, 'O2(6)': 0.125, 'N2': 0.87}
Starting simulation for {'C5H8(522)': 0.005, 'O2(6)': 0.14, 'N2': 0.855}
Starting simulation for {'C5H8(522)': 0.005, 'O2(6)': 0.152173913, 'N2': 0.842826087}
Starting simulation for {'C5H8(522)': 0.005, 'O2(6)': 0.175, 'N2': 0.82}
Starting simulation for {'C5H8(522)': 0.005, 'O2(6)': 0.184210526, 'N2': 0.810789474}
Starting simulation for {'C5H8(522)': 0.005, 'O2(6)': 0.205882353, 'N2': 0.789117647}
Starting simulation for {'C5H8(522)': 0.005, 'O2(6)': 0.233333333, 'N2': 0.761666667}
Starting simulation for {'C5H8(522)': 0.005, 'O2(6)': 0.269230769, 'N2': 0.725769231}
Starting simulation for {'C5H8(522)': 0.005, 'O2(6)': 0.318181818, 'N2': 0.676818182}
Starting simulation for {'C5H8(522)': 0.005, 'O2(6)': 0.35, 'N2': 0.645}

Extracting results...
shape: (30, 36)
┌───────┬──────────┬──────────┬───────┬───┬───────────┬──────────┬─────────────┬────────────┐
│ phi   ┆ O2       ┆ N2       ┆ fuel  ┆ … ┆ h radical ┆ hydroxy  ┆ hydroperoxy ┆ peroxide   │
│ ---   ┆ ---      ┆ ---      ┆ ---   ┆   ┆ ---       ┆ ---      ┆ ---         ┆ ---        │
│ f64   ┆ f64      ┆ f64      ┆ f64   ┆   ┆ f64       ┆ f64      ┆ f64         ┆ f64        │
╞═══════╪══════════╪══════════╪═══════╪═══╪═══════════╪══════════╪═════════════╪════════════╡
│ 100.0 ┆ 0.00035  ┆ 0.99465  ┆ 0.005 ┆ … ┆ 0.000032  ┆ 0.000003 ┆ 0.005888    ┆ 0.306208   │
│ 12.0  ┆ 0.002917 ┆ 0.992083 ┆ 0.005 ┆ … ┆ 0.00014   ┆ 0.000102 ┆ 0.101253    ┆ 4.980148   │
│ 6.0   ┆ 0.005833 ┆ 0.989167 ┆ 0.005 ┆ … ┆ 0.000206  ┆ 0.000264 ┆ 0.240511    ┆ 11.212728  │
│ 3.0   ┆ 0.011667 ┆ 0.983333 ┆ 0.005 ┆ … ┆ 0.000274  ┆ 0.000603 ┆ 0.526811    ┆ 23.032043  │
│ 2.0   ┆ 0.0175   ┆ 0.9775   ┆ 0.005 ┆ … ┆ 0.000309  ┆ 0.000906 ┆ 0.794444    ┆ 33.79333   │
│ …     ┆ …        ┆ …        ┆ …     ┆ … ┆ …         ┆ …        ┆ …           ┆ …          │
│ 0.17  ┆ 0.205882 ┆ 0.789118 ┆ 0.005 ┆ … ┆ 0.000303  ┆ 0.00331  ┆ 3.352232    ┆ 157.912475 │
│ 0.15  ┆ 0.233333 ┆ 0.761667 ┆ 0.005 ┆ … ┆ 0.000292  ┆ 0.003417 ┆ 3.464324    ┆ 164.657825 │
│ 0.13  ┆ 0.269231 ┆ 0.725769 ┆ 0.005 ┆ … ┆ 0.000279  ┆ 0.003541 ┆ 3.590501    ┆ 172.430705 │
│ 0.11  ┆ 0.318182 ┆ 0.676818 ┆ 0.005 ┆ … ┆ 0.000263  ┆ 0.003689 ┆ 3.736207    ┆ 181.671136 │
│ 0.1   ┆ 0.35     ┆ 0.645    ┆ 0.005 ┆ … ┆ 0.000254  ┆ 0.003776 ┆ 3.819006    ┆ 187.063881 │
└───────┴──────────┴──────────┴───────┴───┴───────────┴──────────┴─────────────┴────────────┘
