Reading in concentrations from concentrations.csv
Reading in species from species.csv
Simulations will be run at the following conditions...
  CPT(563):   0.005000  O2(6):   0.001250  N2:   0.993750
  CPT(563):   0.005000  O2(6):   0.006250  N2:   0.988750
  CPT(563):   0.005000  O2(6):   0.012500  N2:   0.982500
  CPT(563):   0.005000  O2(6):   0.018750  N2:   0.976250
  CPT(563):   0.005000  O2(6):   0.021429  N2:   0.973571
  CPT(563):   0.005000  O2(6):   0.025000  N2:   0.970000
  CPT(563):   0.005000  O2(6):   0.030000  N2:   0.965000
  CPT(563):   0.005000  O2(6):   0.034091  N2:   0.960909
  CPT(563):   0.005000  O2(6):   0.037500  N2:   0.957500
  CPT(563):   0.005000  O2(6):   0.041667  N2:   0.953333
  CPT(563):   0.005000  O2(6):   0.050000  N2:   0.945000
  CPT(563):   0.005000  O2(6):   0.057692  N2:   0.937308
  CPT(563):   0.005000  O2(6):   0.062500  N2:   0.932500
  CPT(563):   0.005000  O2(6):   0.068182  N2:   0.926818
  CPT(563):   0.005000  O2(6):   0.075000  N2:   0.920000
  CPT(563):   0.005000  O2(6):   0.083333  N2:   0.911667
  CPT(563):   0.005000  O2(6):   0.093750  N2:   0.901250
  CPT(563):   0.005000  O2(6):   0.107143  N2:   0.887857
  CPT(563):   0.005000  O2(6):   0.120968  N2:   0.874032
  CPT(563):   0.005000  O2(6):   0.133929  N2:   0.861071
  CPT(563):   0.005000  O2(6):   0.150000  N2:   0.845000
  CPT(563):   0.005000  O2(6):   0.163043  N2:   0.831957
  CPT(563):   0.005000  O2(6):   0.187500  N2:   0.807500
  CPT(563):   0.005000  O2(6):   0.197368  N2:   0.797632
  CPT(563):   0.005000  O2(6):   0.220588  N2:   0.774412
  CPT(563):   0.005000  O2(6):   0.250000  N2:   0.745000
  CPT(563):   0.005000  O2(6):   0.288462  N2:   0.706538
  CPT(563):   0.005000  O2(6):   0.340909  N2:   0.654091
  CPT(563):   0.005000  O2(6):   0.375000  N2:   0.620000
Data will be collected for the following species...
  cyclopentane: CPT(563)
  cyclopentene: C5H8(522)
  1,2-epoxycyclopentane: C5H8O(825)
  H2: H2(2)
  water: H2O(5)
  CO: CO(12)
  CO2: CO2(13)
  methane: CH4(33)
  acetaldehyde: CH3CHO(41)
  ethene: C2H4(52)
  propene: C3H6(131)
  acrolein: C3H4O(165)
  1,3-butadiene: C4H6(227)
  1-butene: C4H8(253)
  cyclopentadiene: C5H6(478)
  benzene: C6H6(970)
  h radical: H(1)
  hydroxy: OH(4)
  hydroperoxy: HO2(8)
  peroxide: H2O2(10)

Converting ChemKin mechanism to Cantera YAML...
Wrote YAML mechanism file to 'chem.yaml'.
Mechanism contains 2534 species and 10002 reactions.

Defining model and conditions...

Running simulations...
Starting simulation for {'CPT(563)': 0.005, 'O2(6)': 0.00125, 'N2': 0.99375}
Starting simulation for {'CPT(563)': 0.005, 'O2(6)': 0.00625, 'N2': 0.98875}
Starting simulation for {'CPT(563)': 0.005, 'O2(6)': 0.0125, 'N2': 0.9825}
Starting simulation for {'CPT(563)': 0.005, 'O2(6)': 0.01875, 'N2': 0.97625}
Starting simulation for {'CPT(563)': 0.005, 'O2(6)': 0.021428571, 'N2': 0.973571429}
Starting simulation for {'CPT(563)': 0.005, 'O2(6)': 0.025, 'N2': 0.97}
Starting simulation for {'CPT(563)': 0.005, 'O2(6)': 0.03, 'N2': 0.965}
Starting simulation for {'CPT(563)': 0.005, 'O2(6)': 0.034090909, 'N2': 0.960909091}
Starting simulation for {'CPT(563)': 0.005, 'O2(6)': 0.0375, 'N2': 0.9575}
Starting simulation for {'CPT(563)': 0.005, 'O2(6)': 0.041666667, 'N2': 0.953333333}
Starting simulation for {'CPT(563)': 0.005, 'O2(6)': 0.05, 'N2': 0.945}
Starting simulation for {'CPT(563)': 0.005, 'O2(6)': 0.057692308, 'N2': 0.937307692}
Starting simulation for {'CPT(563)': 0.005, 'O2(6)': 0.0625, 'N2': 0.9325}
Starting simulation for {'CPT(563)': 0.005, 'O2(6)': 0.068181818, 'N2': 0.926818182}
Starting simulation for {'CPT(563)': 0.005, 'O2(6)': 0.075, 'N2': 0.92}
Starting simulation for {'CPT(563)': 0.005, 'O2(6)': 0.083333333, 'N2': 0.911666667}
Starting simulation for {'CPT(563)': 0.005, 'O2(6)': 0.09375, 'N2': 0.90125}
Starting simulation for {'CPT(563)': 0.005, 'O2(6)': 0.107142857, 'N2': 0.887857143}
Starting simulation for {'CPT(563)': 0.005, 'O2(6)': 0.120967742, 'N2': 0.874032258}
Starting simulation for {'CPT(563)': 0.005, 'O2(6)': 0.133928571, 'N2': 0.861071429}
Starting simulation for {'CPT(563)': 0.005, 'O2(6)': 0.15, 'N2': 0.845}
Starting simulation for {'CPT(563)': 0.005, 'O2(6)': 0.163043478, 'N2': 0.831956522}
Starting simulation for {'CPT(563)': 0.005, 'O2(6)': 0.1875, 'N2': 0.8075}
Starting simulation for {'CPT(563)': 0.005, 'O2(6)': 0.197368421, 'N2': 0.797631579}
Starting simulation for {'CPT(563)': 0.005, 'O2(6)': 0.220588235, 'N2': 0.774411765}
Starting simulation for {'CPT(563)': 0.005, 'O2(6)': 0.25, 'N2': 0.745}
Starting simulation for {'CPT(563)': 0.005, 'O2(6)': 0.288461538, 'N2': 0.706538462}
Starting simulation for {'CPT(563)': 0.005, 'O2(6)': 0.340909091, 'N2': 0.654090909}
Starting simulation for {'CPT(563)': 0.005, 'O2(6)': 0.375, 'N2': 0.62}

Extracting results...
shape: (29, 24)
┌──────┬──────────┬──────────┬───────┬───┬───────────┬───────────┬─────────────┬────────────┐
│ phi  ┆ O2       ┆ N2       ┆ fuel  ┆ … ┆ h radical ┆ hydroxy   ┆ hydroperoxy ┆ peroxide   │
│ ---  ┆ ---      ┆ ---      ┆ ---   ┆   ┆ ---       ┆ ---       ┆ ---         ┆ ---        │
│ f64  ┆ f64      ┆ f64      ┆ f64   ┆   ┆ f64       ┆ f64       ┆ f64         ┆ f64        │
╞══════╪══════════╪══════════╪═══════╪═══╪═══════════╪═══════════╪═════════════╪════════════╡
│ 30.0 ┆ 0.00125  ┆ 0.99375  ┆ 0.005 ┆ … ┆ 1.5069e-7 ┆ 5.2546e-9 ┆ 0.000058    ┆ 0.003615   │
│ 6.0  ┆ 0.00625  ┆ 0.98875  ┆ 0.005 ┆ … ┆ 0.000728  ┆ 0.000122  ┆ 0.34287     ┆ 21.802709  │
│ 3.0  ┆ 0.0125   ┆ 0.9825   ┆ 0.005 ┆ … ┆ 0.00156   ┆ 0.000969  ┆ 1.961942    ┆ 132.921257 │
│ 2.0  ┆ 0.01875  ┆ 0.97625  ┆ 0.005 ┆ … ┆ 0.002004  ┆ 0.001903  ┆ 3.452837    ┆ 241.539538 │
│ 1.75 ┆ 0.021429 ┆ 0.973571 ┆ 0.005 ┆ … ┆ 0.002063  ┆ 0.002208  ┆ 3.961576    ┆ 281.831627 │
│ …    ┆ …        ┆ …        ┆ …     ┆ … ┆ …         ┆ …         ┆ …           ┆ …          │
│ 0.17 ┆ 0.220588 ┆ 0.774412 ┆ 0.005 ┆ … ┆ 0.000373  ┆ 0.003199  ┆ 7.071719    ┆ 603.590836 │
│ 0.15 ┆ 0.25     ┆ 0.745    ┆ 0.005 ┆ … ┆ 0.000333  ┆ 0.003191  ┆ 7.095574    ┆ 607.564358 │
│ 0.13 ┆ 0.288462 ┆ 0.706538 ┆ 0.005 ┆ … ┆ 0.000291  ┆ 0.003182  ┆ 7.119941    ┆ 612.225913 │
│ 0.11 ┆ 0.340909 ┆ 0.654091 ┆ 0.005 ┆ … ┆ 0.000249  ┆ 0.003171  ┆ 7.14616     ┆ 618.162975 │
│ 0.1  ┆ 0.375    ┆ 0.62     ┆ 0.005 ┆ … ┆ 0.000227  ┆ 0.003164  ┆ 7.160719    ┆ 621.936808 │
└──────┴──────────┴──────────┴───────┴───┴───────────┴───────────┴─────────────┴────────────┘
