Reading in concentrations from concentrations.csv
Reading in species from species.csv
Simulations will be run at the following conditions...
  CPT(563):   0.005000  O2(6):   0.001250  N2:   0.993750
  CPT(563):   0.005000  O2(6):   0.006250  N2:   0.988750
  CPT(563):   0.005000  O2(6):   0.012500  N2:   0.982500
  CPT(563):   0.005000  O2(6):   0.018750  N2:   0.976250
  CPT(563):   0.005000  O2(6):   0.021429  N2:   0.973571
  CPT(563):   0.005000  O2(6):   0.025000  N2:   0.970000
  CPT(563):   0.005000  O2(6):   0.030000  N2:   0.965000
  CPT(563):   0.005000  O2(6):   0.034091  N2:   0.960909
  CPT(563):   0.005000  O2(6):   0.037500  N2:   0.957500
  CPT(563):   0.005000  O2(6):   0.041667  N2:   0.953333
  CPT(563):   0.005000  O2(6):   0.050000  N2:   0.945000
  CPT(563):   0.005000  O2(6):   0.057692  N2:   0.937308
  CPT(563):   0.005000  O2(6):   0.062500  N2:   0.932500
  CPT(563):   0.005000  O2(6):   0.068182  N2:   0.926818
  CPT(563):   0.005000  O2(6):   0.075000  N2:   0.920000
  CPT(563):   0.005000  O2(6):   0.083333  N2:   0.911667
  CPT(563):   0.005000  O2(6):   0.093750  N2:   0.901250
  CPT(563):   0.005000  O2(6):   0.107143  N2:   0.887857
  CPT(563):   0.005000  O2(6):   0.120968  N2:   0.874032
  CPT(563):   0.005000  O2(6):   0.133929  N2:   0.861071
  CPT(563):   0.005000  O2(6):   0.150000  N2:   0.845000
  CPT(563):   0.005000  O2(6):   0.163043  N2:   0.831957
  CPT(563):   0.005000  O2(6):   0.187500  N2:   0.807500
  CPT(563):   0.005000  O2(6):   0.197368  N2:   0.797632
  CPT(563):   0.005000  O2(6):   0.220588  N2:   0.774412
  CPT(563):   0.005000  O2(6):   0.250000  N2:   0.745000
  CPT(563):   0.005000  O2(6):   0.288462  N2:   0.706538
  CPT(563):   0.005000  O2(6):   0.340909  N2:   0.654091
  CPT(563):   0.005000  O2(6):   0.375000  N2:   0.620000
Data will be collected for the following species...
  cyclopentane: CPT(563)
  cyclopentene: C5H8(522)
  1,2-epoxycyclopentane: C5H8O(825)
  H2: H2(2)
  water: H2O(5)
  CO: CO(12)
  CO2: CO2(13)
  methane: CH4(33)
  acetaldehyde: CH3CHO(41)
  ethene: C2H4(52)
  propene: C3H6(131)
  acrolein: C3H4O(165)
  1,3-butadiene: C4H6(227)
  1-butene: C4H8(253)
  cyclopentadiene: C5H6(478)
  benzene: C6H6(970)
  h radical: H(1)
  hydroxy: OH(4)
  hydroperoxy: HO2(8)
  peroxide: H2O2(10)

Converting ChemKin mechanism to Cantera YAML...
Wrote YAML mechanism file to 'chem.yaml'.
Mechanism contains 2553 species and 10270 reactions.

Defining model and conditions...

Running simulations...
Starting simulation for {'CPT(563)': 0.005, 'O2(6)': 0.00125, 'N2': 0.99375}
Starting simulation for {'CPT(563)': 0.005, 'O2(6)': 0.00625, 'N2': 0.98875}
Starting simulation for {'CPT(563)': 0.005, 'O2(6)': 0.0125, 'N2': 0.9825}
Starting simulation for {'CPT(563)': 0.005, 'O2(6)': 0.01875, 'N2': 0.97625}
Starting simulation for {'CPT(563)': 0.005, 'O2(6)': 0.021428571, 'N2': 0.973571429}
Starting simulation for {'CPT(563)': 0.005, 'O2(6)': 0.025, 'N2': 0.97}
