Reading in concentrations from concentrations.csv
Reading in species from species.csv
Simulations will be run at the following conditions...
  C5H8O(825):   0.005000  O2(6):   0.000325  N2:   0.994675
  C5H8O(825):   0.005000  O2(6):   0.001625  N2:   0.993375
  C5H8O(825):   0.005000  O2(6):   0.003250  N2:   0.991750
  C5H8O(825):   0.005000  O2(6):   0.005417  N2:   0.989583
  C5H8O(825):   0.005000  O2(6):   0.010833  N2:   0.984167
  C5H8O(825):   0.005000  O2(6):   0.011818  N2:   0.983182
  C5H8O(825):   0.005000  O2(6):   0.013000  N2:   0.982000
  C5H8O(825):   0.005000  O2(6):   0.014444  N2:   0.980556
  C5H8O(825):   0.005000  O2(6):   0.016250  N2:   0.978750
  C5H8O(825):   0.005000  O2(6):   0.018571  N2:   0.976429
  C5H8O(825):   0.005000  O2(6):   0.021667  N2:   0.973333
  C5H8O(825):   0.005000  O2(6):   0.026000  N2:   0.969000
  C5H8O(825):   0.005000  O2(6):   0.029545  N2:   0.965455
  C5H8O(825):   0.005000  O2(6):   0.032500  N2:   0.962500
  C5H8O(825):   0.005000  O2(6):   0.036111  N2:   0.958889
  C5H8O(825):   0.005000  O2(6):   0.043333  N2:   0.951667
  C5H8O(825):   0.005000  O2(6):   0.046429  N2:   0.948571
  C5H8O(825):   0.005000  O2(6):   0.050000  N2:   0.945000
  C5H8O(825):   0.005000  O2(6):   0.054167  N2:   0.940833
  C5H8O(825):   0.005000  O2(6):   0.059091  N2:   0.935909
  C5H8O(825):   0.005000  O2(6):   0.067708  N2:   0.927292
  C5H8O(825):   0.005000  O2(6):   0.072222  N2:   0.922778
  C5H8O(825):   0.005000  O2(6):   0.081250  N2:   0.913750
  C5H8O(825):   0.005000  O2(6):   0.085526  N2:   0.909474
  C5H8O(825):   0.005000  O2(6):   0.092857  N2:   0.902143
  C5H8O(825):   0.005000  O2(6):   0.104839  N2:   0.890161
  C5H8O(825):   0.005000  O2(6):   0.112069  N2:   0.882931
  C5H8O(825):   0.005000  O2(6):   0.130000  N2:   0.865000
  C5H8O(825):   0.005000  O2(6):   0.141304  N2:   0.853696
  C5H8O(825):   0.005000  O2(6):   0.154762  N2:   0.840238
  C5H8O(825):   0.005000  O2(6):   0.162500  N2:   0.832500
  C5H8O(825):   0.005000  O2(6):   0.171053  N2:   0.823947
  C5H8O(825):   0.005000  O2(6):   0.191176  N2:   0.803824
  C5H8O(825):   0.005000  O2(6):   0.216667  N2:   0.778333
  C5H8O(825):   0.005000  O2(6):   0.250000  N2:   0.745000
  C5H8O(825):   0.005000  O2(6):   0.295455  N2:   0.699545
  C5H8O(825):   0.005000  O2(6):   0.325000  N2:   0.670000
Data will be collected for the following species...
  CO: CO(12)
  CO2: CO2(13)
  CH4: CH4(33)
  H2: H2(2)
  oxygen: O2(6)
  ethene: C2H4(52)
  formaldehyde: CH2O(19)
  propene: C3H6(131)
  water: H2O(5)
  propadiene (allene): C3H4(114)
  acetaldehyde: CH3CHO(41)
  1,3-butadiene: C4H6(227)
  1-butene: C4H8(253)
  oxirane: C2H4O(37)
  acrolein: C3H4O(165)
  propanal: C3H6O(126)
  furan: S(1600)
  cyclopentadiene: C5H6(478)
  cyclopentene: C5H8(522)
  crotonaldehyde (trans): C4H6O(357)
  crotonaldehyde (cis): C4H6O(357)
  benzene: C6H6(970)
  4-pentenal: C5H8O(833)
  1,2-epoxycyclopentane: C5H8O(825)
  cyclopentanone: CPN(801)
  cyclopent-2-enone: CPND2(626)
  cyclopent-3-enone: CPND3(628)
  cyclopent-2-enol: S(1228)
  cyclopent-3-enol: S(1229)
  H radical: H(1)
  hydroxy: OH(4)
  hydroperoxy radical: HO2(8)
  hydrogen peroxide: H2O2(10)

Converting ChemKin mechanism to Cantera YAML...
Wrote YAML mechanism file to 'chem.yaml'.
Mechanism contains 2534 species and 10002 reactions.

Defining model and conditions...

Running simulations...
Starting simulation for {'C5H8O(825)': 0.005, 'O2(6)': 0.000325, 'N2': 0.994675}
Starting simulation for {'C5H8O(825)': 0.005, 'O2(6)': 0.001625, 'N2': 0.993375}
Starting simulation for {'C5H8O(825)': 0.005, 'O2(6)': 0.00325, 'N2': 0.99175}
Starting simulation for {'C5H8O(825)': 0.005, 'O2(6)': 0.005416667, 'N2': 0.989583333}
Starting simulation for {'C5H8O(825)': 0.005, 'O2(6)': 0.010833333, 'N2': 0.984166667}
Starting simulation for {'C5H8O(825)': 0.005, 'O2(6)': 0.011818182, 'N2': 0.983181818}
Starting simulation for {'C5H8O(825)': 0.005, 'O2(6)': 0.013, 'N2': 0.982}
Starting simulation for {'C5H8O(825)': 0.005, 'O2(6)': 0.014444444, 'N2': 0.980555556}
Starting simulation for {'C5H8O(825)': 0.005, 'O2(6)': 0.01625, 'N2': 0.97875}
Starting simulation for {'C5H8O(825)': 0.005, 'O2(6)': 0.018571429, 'N2': 0.976428571}
Starting simulation for {'C5H8O(825)': 0.005, 'O2(6)': 0.021666667, 'N2': 0.973333333}
Starting simulation for {'C5H8O(825)': 0.005, 'O2(6)': 0.026, 'N2': 0.969}
Starting simulation for {'C5H8O(825)': 0.005, 'O2(6)': 0.029545455, 'N2': 0.965454545}
Starting simulation for {'C5H8O(825)': 0.005, 'O2(6)': 0.0325, 'N2': 0.9625}
Starting simulation for {'C5H8O(825)': 0.005, 'O2(6)': 0.036111111, 'N2': 0.958888889}
Starting simulation for {'C5H8O(825)': 0.005, 'O2(6)': 0.043333333, 'N2': 0.951666667}
Starting simulation for {'C5H8O(825)': 0.005, 'O2(6)': 0.046428571, 'N2': 0.948571429}
Starting simulation for {'C5H8O(825)': 0.005, 'O2(6)': 0.05, 'N2': 0.945}
Starting simulation for {'C5H8O(825)': 0.005, 'O2(6)': 0.054166667, 'N2': 0.940833333}
Starting simulation for {'C5H8O(825)': 0.005, 'O2(6)': 0.059090909, 'N2': 0.935909091}
Starting simulation for {'C5H8O(825)': 0.005, 'O2(6)': 0.067708333, 'N2': 0.927291667}
Starting simulation for {'C5H8O(825)': 0.005, 'O2(6)': 0.072222222, 'N2': 0.922777778}
Starting simulation for {'C5H8O(825)': 0.005, 'O2(6)': 0.08125, 'N2': 0.91375}
Starting simulation for {'C5H8O(825)': 0.005, 'O2(6)': 0.085526316, 'N2': 0.909473684}
Starting simulation for {'C5H8O(825)': 0.005, 'O2(6)': 0.092857143, 'N2': 0.902142857}
Starting simulation for {'C5H8O(825)': 0.005, 'O2(6)': 0.10483871, 'N2': 0.89016129}
Starting simulation for {'C5H8O(825)': 0.005, 'O2(6)': 0.112068966, 'N2': 0.882931034}
Starting simulation for {'C5H8O(825)': 0.005, 'O2(6)': 0.13, 'N2': 0.865}
Starting simulation for {'C5H8O(825)': 0.005, 'O2(6)': 0.141304348, 'N2': 0.853695652}
Starting simulation for {'C5H8O(825)': 0.005, 'O2(6)': 0.154761905, 'N2': 0.840238095}
Starting simulation for {'C5H8O(825)': 0.005, 'O2(6)': 0.1625, 'N2': 0.8325}
Starting simulation for {'C5H8O(825)': 0.005, 'O2(6)': 0.171052632, 'N2': 0.823947368}
Starting simulation for {'C5H8O(825)': 0.005, 'O2(6)': 0.191176471, 'N2': 0.803823529}
Starting simulation for {'C5H8O(825)': 0.005, 'O2(6)': 0.216666667, 'N2': 0.778333333}
Starting simulation for {'C5H8O(825)': 0.005, 'O2(6)': 0.25, 'N2': 0.745}
Starting simulation for {'C5H8O(825)': 0.005, 'O2(6)': 0.295454545, 'N2': 0.699545455}
Starting simulation for {'C5H8O(825)': 0.005, 'O2(6)': 0.325, 'N2': 0.67}

Extracting results...
shape: (37, 37)
┌───────┬──────────┬──────────┬───────┬───┬───────────┬───────────┬─────────────┬────────────┐
│ phi   ┆ O2       ┆ N2       ┆ fuel  ┆ … ┆ H radical ┆ hydroxy   ┆ hydroperoxy ┆ hydrogen   │
│ ---   ┆ ---      ┆ ---      ┆ ---   ┆   ┆ ---       ┆ ---       ┆ radical     ┆ peroxide   │
│ f64   ┆ f64      ┆ f64      ┆ f64   ┆   ┆ f64       ┆ f64       ┆ ---         ┆ ---        │
│       ┆          ┆          ┆       ┆   ┆           ┆           ┆ f64         ┆ f64        │
╞═══════╪══════════╪══════════╪═══════╪═══╪═══════════╪═══════════╪═════════════╪════════════╡
│ 100.0 ┆ 0.000325 ┆ 0.994675 ┆ 0.005 ┆ … ┆ 0.000031  ┆ 2.9152e-7 ┆ 0.000668    ┆ 0.062612   │
│ 20.0  ┆ 0.001625 ┆ 0.993375 ┆ 0.005 ┆ … ┆ 0.000165  ┆ 0.000008  ┆ 0.020563    ┆ 1.893511   │
│ 10.0  ┆ 0.00325  ┆ 0.99175  ┆ 0.005 ┆ … ┆ 0.000401  ┆ 0.000044  ┆ 0.108323    ┆ 9.689462   │
│ 6.0   ┆ 0.005417 ┆ 0.989583 ┆ 0.005 ┆ … ┆ 0.000752  ┆ 0.00017   ┆ 0.370808    ┆ 31.821863  │
│ 3.0   ┆ 0.010833 ┆ 0.984167 ┆ 0.005 ┆ … ┆ 0.001529  ┆ 0.000853  ┆ 1.581025    ┆ 126.729665 │
│ …     ┆ …        ┆ …        ┆ …     ┆ … ┆ …         ┆ …         ┆ …           ┆ …          │
│ 0.17  ┆ 0.191176 ┆ 0.803824 ┆ 0.005 ┆ … ┆ 0.000927  ┆ 0.003817  ┆ 7.733759    ┆ 741.004842 │
│ 0.15  ┆ 0.216667 ┆ 0.778333 ┆ 0.005 ┆ … ┆ 0.000855  ┆ 0.003878  ┆ 7.841744    ┆ 756.436628 │
│ 0.13  ┆ 0.25     ┆ 0.745    ┆ 0.005 ┆ … ┆ 0.000778  ┆ 0.003947  ┆ 7.953702    ┆ 772.920677 │
│ 0.11  ┆ 0.295455 ┆ 0.699545 ┆ 0.005 ┆ … ┆ 0.000693  ┆ 0.004025  ┆ 8.068338    ┆ 790.569252 │
│ 0.1   ┆ 0.325    ┆ 0.67     ┆ 0.005 ┆ … ┆ 0.000647  ┆ 0.004069  ┆ 8.125621    ┆ 799.8514   │
└───────┴──────────┴──────────┴───────┴───┴───────────┴───────────┴─────────────┴────────────┘
